# JRE version: OpenJDK Runtime Environment (8.0_202-b03) (build 1.8.0_202-release-1483-b03)
# Java VM: OpenJDK 64-Bit Server VM (25.202-b03 mixed mode windows-amd64 compressed oops)
Heap:
 PSYoungGen      total 123904K, used 63230K [0x00000000e0000000, 0x00000000eaf00000, 0x0000000100000000)
  eden space 105984K, 59% used [0x00000000e0000000,0x00000000e3dbfa58,0x00000000e6780000)
  from space 17920K, 0% used [0x00000000e6780000,0x00000000e6780000,0x00000000e7900000)
  to   space 28160K, 0% used [0x00000000e9380000,0x00000000e9380000,0x00000000eaf00000)
 ParOldGen       total 155136K, used 74577K [0x00000000a0000000, 0x00000000a9780000, 0x00000000e0000000)
  object space 155136K, 48% used [0x00000000a0000000,0x00000000a48d46b0,0x00000000a9780000)
 Metaspace       used 80730K, capacity 83746K, committed 84264K, reserved 1122304K
  class space    used 10786K, capacity 11394K, committed 11560K, reserved 1048576K
GC Heap History (10 events):
Event: 99.772 GC heap before
{Heap before GC invocations=29 (full 3):
 PSYoungGen      total 90112K, used 90066K [0x00000000e0000000, 0x00000000e8200000, 0x0000000100000000)
  eden space 80896K, 99% used [0x00000000e0000000,0x00000000e4ef9fb8,0x00000000e4f00000)
  from space 9216K, 99% used [0x00000000e4f00000,0x00000000e57fa9f8,0x00000000e5800000)
  to   space 18944K, 0% used [0x00000000e6f80000,0x00000000e6f80000,0x00000000e8200000)
 ParOldGen       total 82944K, used 61680K [0x00000000a0000000, 0x00000000a5100000, 0x00000000e0000000)
  object space 82944K, 74% used [0x00000000a0000000,0x00000000a3c3c2f0,0x00000000a5100000)
 Metaspace       used 74370K, capacity 77136K, committed 77352K, reserved 1116160K
  class space    used 10175K, capacity 10749K, committed 10792K, reserved 1048576K
Event: 99.794 GC heap after
Heap after GC invocations=29 (full 3):
 PSYoungGen      total 112128K, used 3068K [0x00000000e0000000, 0x00000000e8100000, 0x0000000100000000)
  eden space 94208K, 0% used [0x00000000e0000000,0x00000000e0000000,0x00000000e5c00000)
  from space 17920K, 17% used [0x00000000e6f80000,0x00000000e727f048,0x00000000e8100000)
  to   space 18944K, 0% used [0x00000000e5c00000,0x00000000e5c00000,0x00000000e6e80000)
 ParOldGen       total 82944K, used 64992K [0x00000000a0000000, 0x00000000a5100000, 0x00000000e0000000)
  object space 82944K, 78% used [0x00000000a0000000,0x00000000a3f78200,0x00000000a5100000)
 Metaspace       used 74370K, capacity 77136K, committed 77352K, reserved 1116160K
  class space    used 10175K, capacity 10749K, committed 10792K, reserved 1048576K
}
Event: 372.038 GC heap before
{Heap before GC invocations=30 (full 3):
 PSYoungGen      total 112128K, used 97276K [0x00000000e0000000, 0x00000000e8100000, 0x0000000100000000)
  eden space 94208K, 100% used [0x00000000e0000000,0x00000000e5c00000,0x00000000e5c00000)
  from space 17920K, 17% used [0x00000000e6f80000,0x00000000e727f048,0x00000000e8100000)
  to   space 18944K, 0% used [0x00000000e5c00000,0x00000000e5c00000,0x00000000e6e80000)
 ParOldGen       total 82944K, used 64992K [0x00000000a0000000, 0x00000000a5100000, 0x00000000e0000000)
  object space 82944K, 78% used [0x00000000a0000000,0x00000000a3f78200,0x00000000a5100000)
 Metaspace       used 80090K, capacity 83266K, committed 83496K, reserved 1122304K
  class space    used 10814K, capacity 11444K, committed 11560K, reserved 1048576K
Event: 372.060 GC heap after
Heap after GC invocations=30 (full 3):
 PSYoungGen      total 113152K, used 7821K [0x00000000e0000000, 0x00000000e8c00000, 0x0000000100000000)
  eden space 94208K, 0% used [0x00000000e0000000,0x00000000e0000000,0x00000000e5c00000)
  from space 18944K, 41% used [0x00000000e5c00000,0x00000000e63a35b8,0x00000000e6e80000)
  to   space 17920K, 0% used [0x00000000e7a80000,0x00000000e7a80000,0x00000000e8c00000)
 ParOldGen       total 82944K, used 65720K [0x00000000a0000000, 0x00000000a5100000, 0x00000000e0000000)
  object space 82944K, 79% used [0x00000000a0000000,0x00000000a402e230,0x00000000a5100000)
 Metaspace       used 80090K, capacity 83266K, committed 83496K, reserved 1122304K
  class space    used 10814K, capacity 11444K, committed 11560K, reserved 1048576K
}
Event: 382.520 GC heap before
{Heap before GC invocations=31 (full 3):
 PSYoungGen      total 113152K, used 102029K [0x00000000e0000000, 0x00000000e8c00000, 0x0000000100000000)
  eden space 94208K, 100% used [0x00000000e0000000,0x00000000e5c00000,0x00000000e5c00000)
  from space 18944K, 41% used [0x00000000e5c00000,0x00000000e63a35b8,0x00000000e6e80000)
  to   space 17920K, 0% used [0x00000000e7a80000,0x00000000e7a80000,0x00000000e8c00000)
 ParOldGen       total 82944K, used 65720K [0x00000000a0000000, 0x00000000a5100000, 0x00000000e0000000)
  object space 82944K, 79% used [0x00000000a0000000,0x00000000a402e230,0x00000000a5100000)
 Metaspace       used 80615K, capacity 83820K, committed 84008K, reserved 1122304K
  class space    used 10818K, capacity 11449K, committed 11560K, reserved 1048576K
Event: 382.548 GC heap after
Heap after GC invocations=31 (full 3):
 PSYoungGen      total 122368K, used 10575K [0x00000000e0000000, 0x00000000e8a80000, 0x0000000100000000)
  eden space 105984K, 0% used [0x00000000e0000000,0x00000000e0000000,0x00000000e6780000)
  from space 16384K, 64% used [0x00000000e7a80000,0x00000000e84d3dc8,0x00000000e8a80000)
  to   space 17920K, 0% used [0x00000000e6780000,0x00000000e6780000,0x00000000e7900000)
 ParOldGen       total 82944K, used 65720K [0x00000000a0000000, 0x00000000a5100000, 0x00000000e0000000)
  object space 82944K, 79% used [0x00000000a0000000,0x00000000a402e230,0x00000000a5100000)
 Metaspace       used 80615K, capacity 83820K, committed 84008K, reserved 1122304K
  class space    used 10818K, capacity 11449K, committed 11560K, reserved 1048576K
}
Event: 385.064 GC heap before
{Heap before GC invocations=32 (full 3):
 PSYoungGen      total 122368K, used 116390K [0x00000000e0000000, 0x00000000e8a80000, 0x0000000100000000)
  eden space 105984K, 99% used [0x00000000e0000000,0x00000000e6755ab8,0x00000000e6780000)
  from space 16384K, 64% used [0x00000000e7a80000,0x00000000e84d3dc8,0x00000000e8a80000)
  to   space 17920K, 0% used [0x00000000e6780000,0x00000000e6780000,0x00000000e7900000)
 ParOldGen       total 82944K, used 65720K [0x00000000a0000000, 0x00000000a5100000, 0x00000000e0000000)
  object space 82944K, 79% used [0x00000000a0000000,0x00000000a402e230,0x00000000a5100000)
 Metaspace       used 80817K, capacity 84026K, committed 84264K, reserved 1122304K
  class space    used 10818K, capacity 11450K, committed 11560K, reserved 1048576K
Event: 385.145 GC heap after
Heap after GC invocations=32 (full 3):
 PSYoungGen      total 123904K, used 17912K [0x00000000e0000000, 0x00000000eaf00000, 0x0000000100000000)
  eden space 105984K, 0% used [0x00000000e0000000,0x00000000e0000000,0x00000000e6780000)
  from space 17920K, 99% used [0x00000000e6780000,0x00000000e78fe090,0x00000000e7900000)
  to   space 28160K, 0% used [0x00000000e9380000,0x00000000e9380000,0x00000000eaf00000)
 ParOldGen       total 86016K, used 85880K [0x00000000a0000000, 0x00000000a5400000, 0x00000000e0000000)
  object space 86016K, 99% used [0x00000000a0000000,0x00000000a53de3b8,0x00000000a5400000)
 Metaspace       used 80817K, capacity 84026K, committed 84264K, reserved 1122304K
  class space    used 10818K, capacity 11450K, committed 11560K, reserved 1048576K
}
Event: 385.145 GC heap before
{Heap before GC invocations=33 (full 4):
 PSYoungGen      total 123904K, used 17912K [0x00000000e0000000, 0x00000000eaf00000, 0x0000000100000000)
  eden space 105984K, 0% used [0x00000000e0000000,0x00000000e0000000,0x00000000e6780000)
  from space 17920K, 99% used [0x00000000e6780000,0x00000000e78fe090,0x00000000e7900000)
  to   space 28160K, 0% used [0x00000000e9380000,0x00000000e9380000,0x00000000eaf00000)
 ParOldGen       total 86016K, used 85880K [0x00000000a0000000, 0x00000000a5400000, 0x00000000e0000000)
  object space 86016K, 99% used [0x00000000a0000000,0x00000000a53de3b8,0x00000000a5400000)
 Metaspace       used 80817K, capacity 84026K, committed 84264K, reserved 1122304K
  class space    used 10818K, capacity 11450K, committed 11560K, reserved 1048576K
Event: 385.637 GC heap after
Heap after GC invocations=33 (full 4):
 PSYoungGen      total 123904K, used 0K [0x00000000e0000000, 0x00000000eaf00000, 0x0000000100000000)
  eden space 105984K, 0% used [0x00000000e0000000,0x00000000e0000000,0x00000000e6780000)
  from space 17920K, 0% used [0x00000000e6780000,0x00000000e6780000,0x00000000e7900000)
  to   space 28160K, 0% used [0x00000000e9380000,0x00000000e9380000,0x00000000eaf00000)
 ParOldGen       total 155136K, used 74577K [0x00000000a0000000, 0x00000000a9780000, 0x00000000e0000000)
  object space 155136K, 48% used [0x00000000a0000000,0x00000000a48d46b0,0x00000000a9780000)
 Metaspace       used 80716K, capacity 83740K, committed 84264K, reserved 1122304K
  class space    used 10786K, capacity 11393K, committed 11560K, reserved 1048576K
}

