# JRE version: OpenJDK Runtime Environment (8.0_202-b03) (build 1.8.0_202-release-1483-b03)
# Java VM: OpenJDK 64-Bit Server VM (25.202-b03 mixed mode windows-amd64 compressed oops)
Heap:
 PSYoungGen      total 158208K, used 55274K [0x00000000e0000000, 0x00000000ed100000, 0x0000000100000000)
  eden space 144384K, 28% used [0x00000000e0000000,0x00000000e287ecd8,0x00000000e8d00000)
  from space 13824K, 99% used [0x00000000e8d00000,0x00000000e9a7bdb8,0x00000000e9a80000)
  to   space 19968K, 0% used [0x00000000ebd80000,0x00000000ebd80000,0x00000000ed100000)
 ParOldGen       total 91648K, used 30560K [0x00000000a0000000, 0x00000000a5980000, 0x00000000e0000000)
  object space 91648K, 33% used [0x00000000a0000000,0x00000000a1dd8098,0x00000000a5980000)
 Metaspace       used 65087K, capacity 66980K, committed 67032K, reserved 1107968K
  class space    used 8783K, capacity 9209K, committed 9216K, reserved 1048576K
GC Heap History (10 events):
Event: 10.326 GC heap before
{Heap before GC invocations=12 (full 2):
 PSYoungGen      total 117248K, used 106496K [0x00000000e0000000, 0x00000000ea800000, 0x0000000100000000)
  eden space 106496K, 100% used [0x00000000e0000000,0x00000000e6800000,0x00000000e6800000)
  from space 10752K, 0% used [0x00000000e6800000,0x00000000e6800000,0x00000000e7280000)
  to   space 11264K, 0% used [0x00000000e9d00000,0x00000000e9d00000,0x00000000ea800000)
 ParOldGen       total 91648K, used 16534K [0x00000000a0000000, 0x00000000a5980000, 0x00000000e0000000)
  object space 91648K, 18% used [0x00000000a0000000,0x00000000a10258e0,0x00000000a5980000)
 Metaspace       used 45083K, capacity 46060K, committed 46296K, reserved 1089536K
  class space    used 6067K, capacity 6293K, committed 6400K, reserved 1048576K
Event: 10.346 GC heap after
Heap after GC invocations=12 (full 2):
 PSYoungGen      total 143360K, used 11251K [0x00000000e0000000, 0x00000000ea800000, 0x0000000100000000)
  eden space 132096K, 0% used [0x00000000e0000000,0x00000000e0000000,0x00000000e8100000)
  from space 11264K, 99% used [0x00000000e9d00000,0x00000000ea7fcc08,0x00000000ea800000)
  to   space 13824K, 0% used [0x00000000e8d00000,0x00000000e8d00000,0x00000000e9a80000)
 ParOldGen       total 91648K, used 19858K [0x00000000a0000000, 0x00000000a5980000, 0x00000000e0000000)
  object space 91648K, 21% used [0x00000000a0000000,0x00000000a1364bb0,0x00000000a5980000)
 Metaspace       used 45083K, capacity 46060K, committed 46296K, reserved 1089536K
  class space    used 6067K, capacity 6293K, committed 6400K, reserved 1048576K
}
Event: 13.481 GC heap before
{Heap before GC invocations=13 (full 2):
 PSYoungGen      total 143360K, used 143347K [0x00000000e0000000, 0x00000000ea800000, 0x0000000100000000)
  eden space 132096K, 100% used [0x00000000e0000000,0x00000000e8100000,0x00000000e8100000)
  from space 11264K, 99% used [0x00000000e9d00000,0x00000000ea7fcc08,0x00000000ea800000)
  to   space 13824K, 0% used [0x00000000e8d00000,0x00000000e8d00000,0x00000000e9a80000)
 ParOldGen       total 91648K, used 19858K [0x00000000a0000000, 0x00000000a5980000, 0x00000000e0000000)
  object space 91648K, 21% used [0x00000000a0000000,0x00000000a1364bb0,0x00000000a5980000)
 Metaspace       used 56126K, capacity 57490K, committed 57688K, reserved 1099776K
  class space    used 7631K, capacity 7958K, committed 8064K, reserved 1048576K
Event: 13.507 GC heap after
Heap after GC invocations=13 (full 2):
 PSYoungGen      total 158208K, used 13813K [0x00000000e0000000, 0x00000000ec000000, 0x0000000100000000)
  eden space 144384K, 0% used [0x00000000e0000000,0x00000000e0000000,0x00000000e8d00000)
  from space 13824K, 99% used [0x00000000e8d00000,0x00000000e9a7d5c8,0x00000000e9a80000)
  to   space 17920K, 0% used [0x00000000eae80000,0x00000000eae80000,0x00000000ec000000)
 ParOldGen       total 91648K, used 27410K [0x00000000a0000000, 0x00000000a5980000, 0x00000000e0000000)
  object space 91648K, 29% used [0x00000000a0000000,0x00000000a1ac4860,0x00000000a5980000)
 Metaspace       used 56126K, capacity 57490K, committed 57688K, reserved 1099776K
  class space    used 7631K, capacity 7958K, committed 8064K, reserved 1048576K
}
Event: 13.961 GC heap before
{Heap before GC invocations=14 (full 2):
 PSYoungGen      total 158208K, used 36467K [0x00000000e0000000, 0x00000000ec000000, 0x0000000100000000)
  eden space 144384K, 15% used [0x00000000e0000000,0x00000000e161f708,0x00000000e8d00000)
  from space 13824K, 99% used [0x00000000e8d00000,0x00000000e9a7d5c8,0x00000000e9a80000)
  to   space 17920K, 0% used [0x00000000eae80000,0x00000000eae80000,0x00000000ec000000)
 ParOldGen       total 91648K, used 27410K [0x00000000a0000000, 0x00000000a5980000, 0x00000000e0000000)
  object space 91648K, 29% used [0x00000000a0000000,0x00000000a1ac4860,0x00000000a5980000)
 Metaspace       used 57480K, capacity 58988K, committed 59028K, reserved 1099776K
  class space    used 7812K, capacity 8167K, committed 8192K, reserved 1048576K
Event: 13.984 GC heap after
Heap after GC invocations=14 (full 2):
 PSYoungGen      total 162304K, used 2638K [0x00000000e0000000, 0x00000000ec000000, 0x0000000100000000)
  eden space 144384K, 0% used [0x00000000e0000000,0x00000000e0000000,0x00000000e8d00000)
  from space 17920K, 14% used [0x00000000eae80000,0x00000000eb113960,0x00000000ec000000)
  to   space 13824K, 0% used [0x00000000e8d00000,0x00000000e8d00000,0x00000000e9a80000)
 ParOldGen       total 91648K, used 32766K [0x00000000a0000000, 0x00000000a5980000, 0x00000000e0000000)
  object space 91648K, 35% used [0x00000000a0000000,0x00000000a1fffa18,0x00000000a5980000)
 Metaspace       used 57480K, capacity 58988K, committed 59028K, reserved 1099776K
  class space    used 7812K, capacity 8167K, committed 8192K, reserved 1048576K
}
Event: 13.984 GC heap before
{Heap before GC invocations=15 (full 3):
 PSYoungGen      total 162304K, used 2638K [0x00000000e0000000, 0x00000000ec000000, 0x0000000100000000)
  eden space 144384K, 0% used [0x00000000e0000000,0x00000000e0000000,0x00000000e8d00000)
  from space 17920K, 14% used [0x00000000eae80000,0x00000000eb113960,0x00000000ec000000)
  to   space 13824K, 0% used [0x00000000e8d00000,0x00000000e8d00000,0x00000000e9a80000)
 ParOldGen       total 91648K, used 32766K [0x00000000a0000000, 0x00000000a5980000, 0x00000000e0000000)
  object space 91648K, 35% used [0x00000000a0000000,0x00000000a1fffa18,0x00000000a5980000)
 Metaspace       used 57480K, capacity 58988K, committed 59028K, reserved 1099776K
  class space    used 7812K, capacity 8167K, committed 8192K, reserved 1048576K
Event: 14.333 GC heap after
Heap after GC invocations=15 (full 3):
 PSYoungGen      total 162304K, used 0K [0x00000000e0000000, 0x00000000ec000000, 0x0000000100000000)
  eden space 144384K, 0% used [0x00000000e0000000,0x00000000e0000000,0x00000000e8d00000)
  from space 17920K, 0% used [0x00000000eae80000,0x00000000eae80000,0x00000000ec000000)
  to   space 13824K, 0% used [0x00000000e8d00000,0x00000000e8d00000,0x00000000e9a80000)
 ParOldGen       total 91648K, used 29024K [0x00000000a0000000, 0x00000000a5980000, 0x00000000e0000000)
  object space 91648K, 31% used [0x00000000a0000000,0x00000000a1c58300,0x00000000a5980000)
 Metaspace       used 57480K, capacity 58988K, committed 59028K, reserved 1099776K
  class space    used 7812K, capacity 8167K, committed 8192K, reserved 1048576K
}
Event: 17.181 GC heap before
{Heap before GC invocations=16 (full 3):
 PSYoungGen      total 162304K, used 144384K [0x00000000e0000000, 0x00000000ec000000, 0x0000000100000000)
  eden space 144384K, 100% used [0x00000000e0000000,0x00000000e8d00000,0x00000000e8d00000)
  from space 17920K, 0% used [0x00000000eae80000,0x00000000eae80000,0x00000000ec000000)
  to   space 13824K, 0% used [0x00000000e8d00000,0x00000000e8d00000,0x00000000e9a80000)
 ParOldGen       total 91648K, used 29024K [0x00000000a0000000, 0x00000000a5980000, 0x00000000e0000000)
  object space 91648K, 31% used [0x00000000a0000000,0x00000000a1c58300,0x00000000a5980000)
 Metaspace       used 64063K, capacity 66058K, committed 66264K, reserved 1105920K
  class space    used 8675K, capacity 9104K, committed 9216K, reserved 1048576K
Event: 17.202 GC heap after
Heap after GC invocations=16 (full 3):
 PSYoungGen      total 158208K, used 13807K [0x00000000e0000000, 0x00000000ed100000, 0x0000000100000000)
  eden space 144384K, 0% used [0x00000000e0000000,0x00000000e0000000,0x00000000e8d00000)
  from space 13824K, 99% used [0x00000000e8d00000,0x00000000e9a7bdb8,0x00000000e9a80000)
  to   space 19968K, 0% used [0x00000000ebd80000,0x00000000ebd80000,0x00000000ed100000)
 ParOldGen       total 91648K, used 30560K [0x00000000a0000000, 0x00000000a5980000, 0x00000000e0000000)
  object space 91648K, 33% used [0x00000000a0000000,0x00000000a1dd8098,0x00000000a5980000)
 Metaspace       used 64063K, capacity 66058K, committed 66264K, reserved 1105920K
  class space    used 8675K, capacity 9104K, committed 9216K, reserved 1048576K
}

