# JRE version: OpenJDK Runtime Environment (8.0_202-b03) (build 1.8.0_202-release-1483-b03)
# Java VM: OpenJDK 64-Bit Server VM (25.202-b03 mixed mode windows-amd64 compressed oops)
Heap:
 PSYoungGen      total 299008K, used 175066K [0x00000000e0000000, 0x00000000f6a00000, 0x0000000100000000)
  eden space 256000K, 51% used [0x00000000e0000000,0x00000000e80f9268,0x00000000efa00000)
  from space 43008K, 99% used [0x00000000f3280000,0x00000000f5c7d810,0x00000000f5c80000)
  to   space 57344K, 0% used [0x00000000efa00000,0x00000000efa00000,0x00000000f3200000)
 ParOldGen       total 123904K, used 86991K [0x00000000a0000000, 0x00000000a7900000, 0x00000000e0000000)
  object space 123904K, 70% used [0x00000000a0000000,0x00000000a54f3e18,0x00000000a7900000)
 Metaspace       used 83947K, capacity 88002K, committed 88152K, reserved 1126400K
  class space    used 11021K, capacity 11800K, committed 11904K, reserved 1048576K
GC Heap History (10 events):
Event: 9775.555 GC heap before
{Heap before GC invocations=13 (full 3):
 PSYoungGen      total 327168K, used 327141K [0x00000000e0000000, 0x00000000f5e80000, 0x0000000100000000)
  eden space 309760K, 100% used [0x00000000e0000000,0x00000000f2e80000,0x00000000f2e80000)
  from space 17408K, 99% used [0x00000000f3b00000,0x00000000f4bf9630,0x00000000f4c00000)
  to   space 18944K, 0% used [0x00000000f4c00000,0x00000000f4c00000,0x00000000f5e80000)
 ParOldGen       total 123904K, used 30096K [0x00000000a0000000, 0x00000000a7900000, 0x00000000e0000000)
  object space 123904K, 24% used [0x00000000a0000000,0x00000000a1d64098,0x00000000a7900000)
 Metaspace       used 67260K, capacity 69552K, committed 69720K, reserved 1110016K
  class space    used 8825K, capacity 9301K, committed 9344K, reserved 1048576K
Event: 9776.188 GC heap after
Heap after GC invocations=13 (full 3):
 PSYoungGen      total 312832K, used 14644K [0x00000000e0000000, 0x00000000f5a80000, 0x0000000100000000)
  eden space 297984K, 0% used [0x00000000e0000000,0x00000000e0000000,0x00000000f2300000)
  from space 14848K, 98% used [0x00000000f4c00000,0x00000000f5a4d080,0x00000000f5a80000)
  to   space 24576K, 0% used [0x00000000f2a80000,0x00000000f2a80000,0x00000000f4280000)
 ParOldGen       total 123904K, used 30104K [0x00000000a0000000, 0x00000000a7900000, 0x00000000e0000000)
  object space 123904K, 24% used [0x00000000a0000000,0x00000000a1d66098,0x00000000a7900000)
 Metaspace       used 67260K, capacity 69552K, committed 69720K, reserved 1110016K
  class space    used 8825K, capacity 9301K, committed 9344K, reserved 1048576K
}
Event: 9806.759 GC heap before
{Heap before GC invocations=14 (full 3):
 PSYoungGen      total 312832K, used 312628K [0x00000000e0000000, 0x00000000f5a80000, 0x0000000100000000)
  eden space 297984K, 100% used [0x00000000e0000000,0x00000000f2300000,0x00000000f2300000)
  from space 14848K, 98% used [0x00000000f4c00000,0x00000000f5a4d080,0x00000000f5a80000)
  to   space 24576K, 0% used [0x00000000f2a80000,0x00000000f2a80000,0x00000000f4280000)
 ParOldGen       total 123904K, used 30104K [0x00000000a0000000, 0x00000000a7900000, 0x00000000e0000000)
  object space 123904K, 24% used [0x00000000a0000000,0x00000000a1d66098,0x00000000a7900000)
 Metaspace       used 81320K, capacity 84588K, committed 84696K, reserved 1122304K
  class space    used 10838K, capacity 11511K, committed 11520K, reserved 1048576K
Event: 9806.827 GC heap after
Heap after GC invocations=14 (full 3):
 PSYoungGen      total 311296K, used 24556K [0x00000000e0000000, 0x00000000f5000000, 0x0000000100000000)
  eden space 286720K, 0% used [0x00000000e0000000,0x00000000e0000000,0x00000000f1800000)
  from space 24576K, 99% used [0x00000000f2a80000,0x00000000f427b2b8,0x00000000f4280000)
  to   space 13824K, 0% used [0x00000000f4280000,0x00000000f4280000,0x00000000f5000000)
 ParOldGen       total 123904K, used 33313K [0x00000000a0000000, 0x00000000a7900000, 0x00000000e0000000)
  object space 123904K, 26% used [0x00000000a0000000,0x00000000a2088528,0x00000000a7900000)
 Metaspace       used 81320K, capacity 84588K, committed 84696K, reserved 1122304K
  class space    used 10838K, capacity 11511K, committed 11520K, reserved 1048576K
}
Event: 9898.601 GC heap before
{Heap before GC invocations=15 (full 3):
 PSYoungGen      total 311296K, used 311276K [0x00000000e0000000, 0x00000000f5000000, 0x0000000100000000)
  eden space 286720K, 100% used [0x00000000e0000000,0x00000000f1800000,0x00000000f1800000)
  from space 24576K, 99% used [0x00000000f2a80000,0x00000000f427b2b8,0x00000000f4280000)
  to   space 13824K, 0% used [0x00000000f4280000,0x00000000f4280000,0x00000000f5000000)
 ParOldGen       total 123904K, used 33313K [0x00000000a0000000, 0x00000000a7900000, 0x00000000e0000000)
  object space 123904K, 26% used [0x00000000a0000000,0x00000000a2088528,0x00000000a7900000)
 Metaspace       used 82561K, capacity 86080K, committed 86104K, reserved 1124352K
  class space    used 10936K, capacity 11645K, committed 11648K, reserved 1048576K
Event: 9898.653 GC heap after
Heap after GC invocations=15 (full 3):
 PSYoungGen      total 289792K, used 13792K [0x00000000e0000000, 0x00000000f5000000, 0x0000000100000000)
  eden space 275968K, 0% used [0x00000000e0000000,0x00000000e0000000,0x00000000f0d80000)
  from space 13824K, 99% used [0x00000000f4280000,0x00000000f4ff8060,0x00000000f5000000)
  to   space 30208K, 0% used [0x00000000f1500000,0x00000000f1500000,0x00000000f3280000)
 ParOldGen       total 123904K, used 41327K [0x00000000a0000000, 0x00000000a7900000, 0x00000000e0000000)
  object space 123904K, 33% used [0x00000000a0000000,0x00000000a285bcf0,0x00000000a7900000)
 Metaspace       used 82561K, capacity 86080K, committed 86104K, reserved 1124352K
  class space    used 10936K, capacity 11645K, committed 11648K, reserved 1048576K
}
Event: 9995.578 GC heap before
{Heap before GC invocations=16 (full 3):
 PSYoungGen      total 289792K, used 289760K [0x00000000e0000000, 0x00000000f5000000, 0x0000000100000000)
  eden space 275968K, 100% used [0x00000000e0000000,0x00000000f0d80000,0x00000000f0d80000)
  from space 13824K, 99% used [0x00000000f4280000,0x00000000f4ff8060,0x00000000f5000000)
  to   space 30208K, 0% used [0x00000000f1500000,0x00000000f1500000,0x00000000f3280000)
 ParOldGen       total 123904K, used 41327K [0x00000000a0000000, 0x00000000a7900000, 0x00000000e0000000)
  object space 123904K, 33% used [0x00000000a0000000,0x00000000a285bcf0,0x00000000a7900000)
 Metaspace       used 83141K, capacity 86790K, committed 87000K, reserved 1124352K
  class space    used 10953K, capacity 11674K, committed 11776K, reserved 1048576K
Event: 9995.663 GC heap after
Heap after GC invocations=16 (full 3):
 PSYoungGen      total 295936K, used 30200K [0x00000000e0000000, 0x00000000f5c80000, 0x0000000100000000)
  eden space 265728K, 0% used [0x00000000e0000000,0x00000000e0000000,0x00000000f0380000)
  from space 30208K, 99% used [0x00000000f1500000,0x00000000f327e1a0,0x00000000f3280000)
  to   space 43008K, 0% used [0x00000000f3280000,0x00000000f3280000,0x00000000f5c80000)
 ParOldGen       total 123904K, used 70752K [0x00000000a0000000, 0x00000000a7900000, 0x00000000e0000000)
  object space 123904K, 57% used [0x00000000a0000000,0x00000000a4518310,0x00000000a7900000)
 Metaspace       used 83141K, capacity 86790K, committed 87000K, reserved 1124352K
  class space    used 10953K, capacity 11674K, committed 11776K, reserved 1048576K
}
Event: 10146.843 GC heap before
{Heap before GC invocations=17 (full 3):
 PSYoungGen      total 295936K, used 295928K [0x00000000e0000000, 0x00000000f5c80000, 0x0000000100000000)
  eden space 265728K, 100% used [0x00000000e0000000,0x00000000f0380000,0x00000000f0380000)
  from space 30208K, 99% used [0x00000000f1500000,0x00000000f327e1a0,0x00000000f3280000)
  to   space 43008K, 0% used [0x00000000f3280000,0x00000000f3280000,0x00000000f5c80000)
 ParOldGen       total 123904K, used 70752K [0x00000000a0000000, 0x00000000a7900000, 0x00000000e0000000)
  object space 123904K, 57% used [0x00000000a0000000,0x00000000a4518310,0x00000000a7900000)
 Metaspace       used 83767K, capacity 87678K, committed 87768K, reserved 1126400K
  class space    used 10998K, capacity 11756K, committed 11776K, reserved 1048576K
Event: 10146.954 GC heap after
Heap after GC invocations=17 (full 3):
 PSYoungGen      total 299008K, used 42998K [0x00000000e0000000, 0x00000000f6a00000, 0x0000000100000000)
  eden space 256000K, 0% used [0x00000000e0000000,0x00000000e0000000,0x00000000efa00000)
  from space 43008K, 99% used [0x00000000f3280000,0x00000000f5c7d810,0x00000000f5c80000)
  to   space 57344K, 0% used [0x00000000efa00000,0x00000000efa00000,0x00000000f3200000)
 ParOldGen       total 123904K, used 86991K [0x00000000a0000000, 0x00000000a7900000, 0x00000000e0000000)
  object space 123904K, 70% used [0x00000000a0000000,0x00000000a54f3e18,0x00000000a7900000)
 Metaspace       used 83767K, capacity 87678K, committed 87768K, reserved 1126400K
  class space    used 10998K, capacity 11756K, committed 11776K, reserved 1048576K
}

