# JRE version: OpenJDK Runtime Environment (8.0_202-b03) (build 1.8.0_202-release-1483-b03)
# Java VM: OpenJDK 64-Bit Server VM (25.202-b03 mixed mode windows-amd64 compressed oops)
Heap:
 PSYoungGen      total 186880K, used 49669K [0x00000000e0000000, 0x00000000eed80000, 0x0000000100000000)
  eden space 168448K, 20% used [0x00000000e0000000,0x00000000e20f9d40,0x00000000ea480000)
  from space 18432K, 86% used [0x00000000ea480000,0x00000000eb407868,0x00000000eb680000)
  to   space 20480K, 0% used [0x00000000ed980000,0x00000000ed980000,0x00000000eed80000)
 ParOldGen       total 132096K, used 28945K [0x00000000a0000000, 0x00000000a8100000, 0x00000000e0000000)
  object space 132096K, 21% used [0x00000000a0000000,0x00000000a1c44770,0x00000000a8100000)
 Metaspace       used 66145K, capacity 68038K, committed 68312K, reserved 1107968K
  class space    used 8907K, capacity 9358K, committed 9472K, reserved 1048576K
GC Heap History (10 events):
Event: 9.542 GC heap before
{Heap before GC invocations=12 (full 2):
 PSYoungGen      total 118272K, used 107520K [0x00000000e0000000, 0x00000000ea780000, 0x0000000100000000)
  eden space 107520K, 100% used [0x00000000e0000000,0x00000000e6900000,0x00000000e6900000)
  from space 10752K, 0% used [0x00000000e6900000,0x00000000e6900000,0x00000000e7380000)
  to   space 11776K, 0% used [0x00000000e9c00000,0x00000000e9c00000,0x00000000ea780000)
 ParOldGen       total 90624K, used 16717K [0x00000000a0000000, 0x00000000a5880000, 0x00000000e0000000)
  object space 90624K, 18% used [0x00000000a0000000,0x00000000a1053568,0x00000000a5880000)
 Metaspace       used 45092K, capacity 46032K, committed 46296K, reserved 1089536K
  class space    used 6070K, capacity 6325K, committed 6400K, reserved 1048576K
Event: 9.558 GC heap after
Heap after GC invocations=12 (full 2):
 PSYoungGen      total 146432K, used 11774K [0x00000000e0000000, 0x00000000ea780000, 0x0000000100000000)
  eden space 134656K, 0% used [0x00000000e0000000,0x00000000e0000000,0x00000000e8380000)
  from space 11776K, 99% used [0x00000000e9c00000,0x00000000ea77fbe0,0x00000000ea780000)
  to   space 13824K, 0% used [0x00000000e8c80000,0x00000000e8c80000,0x00000000e9a00000)
 ParOldGen       total 90624K, used 19441K [0x00000000a0000000, 0x00000000a5880000, 0x00000000e0000000)
  object space 90624K, 21% used [0x00000000a0000000,0x00000000a12fc488,0x00000000a5880000)
 Metaspace       used 45092K, capacity 46032K, committed 46296K, reserved 1089536K
  class space    used 6070K, capacity 6325K, committed 6400K, reserved 1048576K
}
Event: 12.290 GC heap before
{Heap before GC invocations=13 (full 2):
 PSYoungGen      total 146432K, used 146430K [0x00000000e0000000, 0x00000000ea780000, 0x0000000100000000)
  eden space 134656K, 100% used [0x00000000e0000000,0x00000000e8380000,0x00000000e8380000)
  from space 11776K, 99% used [0x00000000e9c00000,0x00000000ea77fbe0,0x00000000ea780000)
  to   space 13824K, 0% used [0x00000000e8c80000,0x00000000e8c80000,0x00000000e9a00000)
 ParOldGen       total 90624K, used 19441K [0x00000000a0000000, 0x00000000a5880000, 0x00000000e0000000)
  object space 90624K, 21% used [0x00000000a0000000,0x00000000a12fc488,0x00000000a5880000)
 Metaspace       used 56327K, capacity 57688K, committed 57944K, reserved 1099776K
  class space    used 7642K, capacity 7995K, committed 8064K, reserved 1048576K
Event: 12.337 GC heap after
Heap after GC invocations=13 (full 2):
 PSYoungGen      total 157696K, used 13795K [0x00000000e0000000, 0x00000000ec880000, 0x0000000100000000)
  eden space 143872K, 0% used [0x00000000e0000000,0x00000000e0000000,0x00000000e8c80000)
  from space 13824K, 99% used [0x00000000e8c80000,0x00000000e99f8fc8,0x00000000e9a00000)
  to   space 18432K, 0% used [0x00000000eb680000,0x00000000eb680000,0x00000000ec880000)
 ParOldGen       total 90624K, used 27074K [0x00000000a0000000, 0x00000000a5880000, 0x00000000e0000000)
  object space 90624K, 29% used [0x00000000a0000000,0x00000000a1a70838,0x00000000a5880000)
 Metaspace       used 56327K, capacity 57688K, committed 57944K, reserved 1099776K
  class space    used 7642K, capacity 7995K, committed 8064K, reserved 1048576K
}
Event: 12.756 GC heap before
{Heap before GC invocations=14 (full 2):
 PSYoungGen      total 157696K, used 34111K [0x00000000e0000000, 0x00000000ec880000, 0x0000000100000000)
  eden space 143872K, 14% used [0x00000000e0000000,0x00000000e13d6e78,0x00000000e8c80000)
  from space 13824K, 99% used [0x00000000e8c80000,0x00000000e99f8fc8,0x00000000e9a00000)
  to   space 18432K, 0% used [0x00000000eb680000,0x00000000eb680000,0x00000000ec880000)
 ParOldGen       total 90624K, used 27074K [0x00000000a0000000, 0x00000000a5880000, 0x00000000e0000000)
  object space 90624K, 29% used [0x00000000a0000000,0x00000000a1a70838,0x00000000a5880000)
 Metaspace       used 57503K, capacity 58992K, committed 59028K, reserved 1099776K
  class space    used 7809K, capacity 8167K, committed 8192K, reserved 1048576K
Event: 12.771 GC heap after
Heap after GC invocations=14 (full 2):
 PSYoungGen      total 186880K, used 2268K [0x00000000e0000000, 0x00000000ed880000, 0x0000000100000000)
  eden space 168448K, 0% used [0x00000000e0000000,0x00000000e0000000,0x00000000ea480000)
  from space 18432K, 12% used [0x00000000eb680000,0x00000000eb8b73f8,0x00000000ec880000)
  to   space 18432K, 0% used [0x00000000ea480000,0x00000000ea480000,0x00000000eb680000)
 ParOldGen       total 90624K, used 32604K [0x00000000a0000000, 0x00000000a5880000, 0x00000000e0000000)
  object space 90624K, 35% used [0x00000000a0000000,0x00000000a1fd7268,0x00000000a5880000)
 Metaspace       used 57503K, capacity 58992K, committed 59028K, reserved 1099776K
  class space    used 7809K, capacity 8167K, committed 8192K, reserved 1048576K
}
Event: 12.771 GC heap before
{Heap before GC invocations=15 (full 3):
 PSYoungGen      total 186880K, used 2268K [0x00000000e0000000, 0x00000000ed880000, 0x0000000100000000)
  eden space 168448K, 0% used [0x00000000e0000000,0x00000000e0000000,0x00000000ea480000)
  from space 18432K, 12% used [0x00000000eb680000,0x00000000eb8b73f8,0x00000000ec880000)
  to   space 18432K, 0% used [0x00000000ea480000,0x00000000ea480000,0x00000000eb680000)
 ParOldGen       total 90624K, used 32604K [0x00000000a0000000, 0x00000000a5880000, 0x00000000e0000000)
  object space 90624K, 35% used [0x00000000a0000000,0x00000000a1fd7268,0x00000000a5880000)
 Metaspace       used 57503K, capacity 58992K, committed 59028K, reserved 1099776K
  class space    used 7809K, capacity 8167K, committed 8192K, reserved 1048576K
Event: 13.059 GC heap after
Heap after GC invocations=15 (full 3):
 PSYoungGen      total 186880K, used 0K [0x00000000e0000000, 0x00000000ed880000, 0x0000000100000000)
  eden space 168448K, 0% used [0x00000000e0000000,0x00000000e0000000,0x00000000ea480000)
  from space 18432K, 0% used [0x00000000eb680000,0x00000000eb680000,0x00000000ec880000)
  to   space 18432K, 0% used [0x00000000ea480000,0x00000000ea480000,0x00000000eb680000)
 ParOldGen       total 132096K, used 28937K [0x00000000a0000000, 0x00000000a8100000, 0x00000000e0000000)
  object space 132096K, 21% used [0x00000000a0000000,0x00000000a1c42770,0x00000000a8100000)
 Metaspace       used 57503K, capacity 58992K, committed 59028K, reserved 1099776K
  class space    used 7809K, capacity 8167K, committed 8192K, reserved 1048576K
}
Event: 32.483 GC heap before
{Heap before GC invocations=16 (full 3):
 PSYoungGen      total 186880K, used 168448K [0x00000000e0000000, 0x00000000ed880000, 0x0000000100000000)
  eden space 168448K, 100% used [0x00000000e0000000,0x00000000ea480000,0x00000000ea480000)
  from space 18432K, 0% used [0x00000000eb680000,0x00000000eb680000,0x00000000ec880000)
  to   space 18432K, 0% used [0x00000000ea480000,0x00000000ea480000,0x00000000eb680000)
 ParOldGen       total 132096K, used 28937K [0x00000000a0000000, 0x00000000a8100000, 0x00000000e0000000)
  object space 132096K, 21% used [0x00000000a0000000,0x00000000a1c42770,0x00000000a8100000)
 Metaspace       used 65149K, capacity 67008K, committed 67160K, reserved 1107968K
  class space    used 8808K, capacity 9229K, committed 9344K, reserved 1048576K
Event: 32.505 GC heap after
Heap after GC invocations=16 (full 3):
 PSYoungGen      total 186880K, used 15902K [0x00000000e0000000, 0x00000000eed80000, 0x0000000100000000)
  eden space 168448K, 0% used [0x00000000e0000000,0x00000000e0000000,0x00000000ea480000)
  from space 18432K, 86% used [0x00000000ea480000,0x00000000eb407868,0x00000000eb680000)
  to   space 20480K, 0% used [0x00000000ed980000,0x00000000ed980000,0x00000000eed80000)
 ParOldGen       total 132096K, used 28945K [0x00000000a0000000, 0x00000000a8100000, 0x00000000e0000000)
  object space 132096K, 21% used [0x00000000a0000000,0x00000000a1c44770,0x00000000a8100000)
 Metaspace       used 65149K, capacity 67008K, committed 67160K, reserved 1107968K
  class space    used 8808K, capacity 9229K, committed 9344K, reserved 1048576K
}

